[2020-04-08 23:55:34.422] Transmission 2.94 (d8e60ee44f) started (session.c:740)
[2020-04-08 23:55:34.422] RPC Server Adding address to whitelist: 127.0.0.1 (rpc-server.c:971)
[2020-04-08 23:55:34.423] RPC Server Serving RPC and Web requests on port 127.0.0.1:9091/transmission/ (rpc-server.c:1213)
[2020-04-08 23:55:34.424] Port Forwarding Stopped (port-forwarding.c:180)
[2020-04-08 23:55:34.424] UDP Failed to set receive buffer: requested 4194304, got 425984 (tr-udp.c:84)
[2020-04-08 23:55:34.425] UDP Please add the line "net.core.rmem_max = 4194304" to /etc/sysctl.conf (tr-udp.c:89)
[2020-04-08 23:55:34.426] UDP Failed to set send buffer: requested 1048576, got 425984 (tr-udp.c:95)
[2020-04-08 23:55:34.426] UDP Please add the line "net.core.wmem_max = 1048576" to /etc/sysctl.conf (tr-udp.c:100)
[2020-04-08 23:55:34.427] DHT Generating new id (tr-dht.c:311)
[2020-04-08 23:55:34.427] Using settings from "/data/transmission-home" (daemon.c:528)
[2020-04-08 23:55:34.428] Saved "/data/transmission-home/settings.json" (variant.c:1266)
[2020-04-08 23:55:34.429] Watching "/data/watch" for new .torrent files (daemon.c:573)
[2020-04-08 23:56:16.206] Transmission 2.94 (d8e60ee44f) started (session.c:740)
[2020-04-08 23:56:16.207] RPC Server Adding address to whitelist: 127.0.0.1 (rpc-server.c:971)
[2020-04-08 23:56:16.207] RPC Server Serving RPC and Web requests on port 127.0.0.1:9091/transmission/ (rpc-server.c:1213)
[2020-04-08 23:56:16.208] Port Forwarding Stopped (port-forwarding.c:180)
[2020-04-08 23:56:16.208] UDP Failed to set receive buffer: requested 4194304, got 425984 (tr-udp.c:84)
[2020-04-08 23:56:16.208] UDP Please add the line "net.core.rmem_max = 4194304" to /etc/sysctl.conf (tr-udp.c:89)
[2020-04-08 23:56:16.209] UDP Failed to set send buffer: requested 1048576, got 425984 (tr-udp.c:95)
[2020-04-08 23:56:16.209] UDP Please add the line "net.core.wmem_max = 1048576" to /etc/sysctl.conf (tr-udp.c:100)
[2020-04-08 23:56:16.209] DHT Generating new id (tr-dht.c:311)
[2020-04-08 23:56:16.209] Using settings from "/data/transmission-home" (daemon.c:528)
[2020-04-08 23:56:16.210] Saved "/data/transmission-home/settings.json" (variant.c:1266)
[2020-04-08 23:56:16.210] Watching "/data/watch" for new .torrent files (daemon.c:573)
[2020-04-08 23:57:01.137] Searching for web interface file "/config/.local/share/transmission/web/index.html" (platform.c:430)
[2020-04-08 23:57:01.138] Searching for web interface file "/usr/share/transmission/web/index.html" (platform.c:430)
[2020-04-08 23:57:15.136] DHT Attempting bootstrap from dht.transmissionbt.com (tr-dht.c:249)
[2020-04-08 23:57:25.101] DHT dht.transmissionbt.com:6881: Temporary failure in name resolution (tr-dht.c:128)
[2020-04-08 23:57:58.069] DHT dht.transmissionbt.com:6881: Temporary failure in name resolution (tr-dht.c:128)
[2020-04-08 23:58:43.039] DHT dht.transmissionbt.com:6881: Temporary failure in name resolution (tr-dht.c:128)
[2020-04-08 23:59:30.967] DHT dht.transmissionbt.com:6881: Temporary failure in name resolution (tr-dht.c:128)
[2020-04-09 00:01:56.139] Transmission 2.94 (d8e60ee44f) started (session.c:740)
[2020-04-09 00:01:56.140] RPC Server Adding address to whitelist: 127.0.0.1 (rpc-server.c:971)
[2020-04-09 00:01:56.141] RPC Server Serving RPC and Web requests on port 127.0.0.1:9091/transmission/ (rpc-server.c:1213)
[2020-04-09 00:01:56.141] Port Forwarding Stopped (port-forwarding.c:180)
[2020-04-09 00:01:56.142] UDP Failed to set receive buffer: requested 4194304, got 425984 (tr-udp.c:84)
[2020-04-09 00:01:56.142] UDP Please add the line "net.core.rmem_max = 4194304" to /etc/sysctl.conf (tr-udp.c:89)
[2020-04-09 00:01:56.143] UDP Failed to set send buffer: requested 1048576, got 425984 (tr-udp.c:95)
[2020-04-09 00:01:56.143] UDP Please add the line "net.core.wmem_max = 1048576" to /etc/sysctl.conf (tr-udp.c:100)
[2020-04-09 00:01:56.144] DHT Generating new id (tr-dht.c:311)
[2020-04-09 00:01:56.145] Using settings from "/data/transmission-home" (daemon.c:528)
[2020-04-09 00:01:56.145] Saved "/data/transmission-home/settings.json" (variant.c:1266)
[2020-04-09 00:01:56.146] Watching "/data/watch" for new .torrent files (daemon.c:573)
[2020-04-09 00:02:25.106] DHT Attempting bootstrap from dht.transmissionbt.com (tr-dht.c:249)
[2020-04-09 00:02:35.105] DHT dht.transmissionbt.com:6881: Temporary failure in name resolution (tr-dht.c:128)
[2020-04-09 00:03:31.037] DHT dht.transmissionbt.com:6881: Temporary failure in name resolution (tr-dht.c:128)
[2020-04-09 00:04:28.982] DHT dht.transmissionbt.com:6881: Temporary failure in name resolution (tr-dht.c:128)
[2020-04-09 00:05:19.952] DHT dht.transmissionbt.com:6881: Temporary failure in name resolution (tr-dht.c:128)
[2020-04-09 00:06:03.886] DHT dht.transmissionbt.com:6881: Temporary failure in name resolution (tr-dht.c:128)
[2020-04-09 00:07:13.813] DHT dht.transmissionbt.com:6881: Temporary failure in name resolution (tr-dht.c:128)
[2020-04-09 00:27:31.932] Transmission 2.94 (d8e60ee44f) started (session.c:740)
[2020-04-09 00:27:31.933] RPC Server Adding address to whitelist: 127.0.0.1 (rpc-server.c:971)
[2020-04-09 00:27:31.933] RPC Server Serving RPC and Web requests on port 127.0.0.1:9091/transmission/ (rpc-server.c:1213)
[2020-04-09 00:27:31.934] Port Forwarding Stopped (port-forwarding.c:180)
[2020-04-09 00:27:31.935] UDP Failed to set receive buffer: requested 4194304, got 425984 (tr-udp.c:84)
[2020-04-09 00:27:31.935] UDP Please add the line "net.core.rmem_max = 4194304" to /etc/sysctl.conf (tr-udp.c:89)
[2020-04-09 00:27:31.935] UDP Failed to set send buffer: requested 1048576, got 425984 (tr-udp.c:95)
[2020-04-09 00:27:31.936] UDP Please add the line "net.core.wmem_max = 1048576" to /etc/sysctl.conf (tr-udp.c:100)
[2020-04-09 00:27:31.936] DHT Generating new id (tr-dht.c:311)
[2020-04-09 00:27:31.937] Using settings from "/data/transmission-home" (daemon.c:528)
[2020-04-09 00:27:31.937] Saved "/data/transmission-home/settings.json" (variant.c:1266)
[2020-04-09 00:27:31.938] Watching "/data/watch" for new .torrent files (daemon.c:573)
[2020-04-09 00:28:28.849] DHT Attempting bootstrap from dht.transmissionbt.com (tr-dht.c:249)
[2020-04-09 00:28:38.850] DHT dht.transmissionbt.com:6881: Temporary failure in name resolution (tr-dht.c:128)
[2020-04-09 00:29:43.798] DHT dht.transmissionbt.com:6881: Temporary failure in name resolution (tr-dht.c:128)
[2020-04-09 00:30:44.731] DHT dht.transmissionbt.com:6881: Temporary failure in name resolution (tr-dht.c:128)
[2020-04-09 00:31:50.660] DHT dht.transmissionbt.com:6881: Temporary failure in name resolution (tr-dht.c:128)
[2020-04-09 00:32:50.594] DHT dht.transmissionbt.com:6881: Temporary failure in name resolution (tr-dht.c:128)
[2020-04-09 00:33:24.524] DHT dht.transmissionbt.com:6881: Temporary failure in name resolution (tr-dht.c:128)
[2020-04-09 00:35:10.698] Transmission 2.94 (d8e60ee44f) started (session.c:740)
[2020-04-09 00:35:10.699] RPC Server Adding address to whitelist: 127.0.0.1 (rpc-server.c:971)
[2020-04-09 00:35:10.700] RPC Server Serving RPC and Web requests on port 127.0.0.1:9091/transmission/ (rpc-server.c:1213)
[2020-04-09 00:35:10.701] Port Forwarding Stopped (port-forwarding.c:180)
[2020-04-09 00:35:10.701] UDP Failed to set receive buffer: requested 4194304, got 425984 (tr-udp.c:84)
[2020-04-09 00:35:10.702] UDP Please add the line "net.core.rmem_max = 4194304" to /etc/sysctl.conf (tr-udp.c:89)
[2020-04-09 00:35:10.702] UDP Failed to set send buffer: requested 1048576, got 425984 (tr-udp.c:95)
[2020-04-09 00:35:10.703] UDP Please add the line "net.core.wmem_max = 1048576" to /etc/sysctl.conf (tr-udp.c:100)
[2020-04-09 00:35:10.706] DHT Generating new id (tr-dht.c:311)
[2020-04-09 00:35:10.707] Using settings from "/data/transmission-home" (daemon.c:528)
[2020-04-09 00:35:10.708] Saved "/data/transmission-home/settings.json" (variant.c:1266)
[2020-04-09 00:35:10.709] Watching "/data/watch" for new .torrent files (daemon.c:573)
[2020-04-09 00:35:34.656] DHT Attempting bootstrap from dht.transmissionbt.com (tr-dht.c:249)
[2020-04-09 00:35:44.656] DHT dht.transmissionbt.com:6881: Temporary failure in name resolution (tr-dht.c:128)
[2020-04-09 00:36:57.825] Transmission 2.94 (d8e60ee44f) started (session.c:740)
[2020-04-09 00:36:57.827] RPC Server Adding address to whitelist: 127.0.0.1 (rpc-server.c:971)
[2020-04-09 00:36:57.827] RPC Server Serving RPC and Web requests on port 127.0.0.1:9091/transmission/ (rpc-server.c:1213)
[2020-04-09 00:36:57.828] Port Forwarding Stopped (port-forwarding.c:180)
[2020-04-09 00:36:57.828] UDP Failed to set receive buffer: requested 4194304, got 425984 (tr-udp.c:84)
[2020-04-09 00:36:57.829] UDP Please add the line "net.core.rmem_max = 4194304" to /etc/sysctl.conf (tr-udp.c:89)
[2020-04-09 00:36:57.829] UDP Failed to set send buffer: requested 1048576, got 425984 (tr-udp.c:95)
[2020-04-09 00:36:57.830] UDP Please add the line "net.core.wmem_max = 1048576" to /etc/sysctl.conf (tr-udp.c:100)
[2020-04-09 00:36:57.830] DHT Generating new id (tr-dht.c:311)
[2020-04-09 00:36:57.831] Using settings from "/data/transmission-home" (daemon.c:528)
[2020-04-09 00:36:57.831] Saved "/data/transmission-home/settings.json" (variant.c:1266)
[2020-04-09 00:36:57.832] Watching "/data/watch" for new .torrent files (daemon.c:573)
[2020-04-09 00:37:30.792] DHT Attempting bootstrap from dht.transmissionbt.com (tr-dht.c:249)
[2020-04-09 00:37:40.788] DHT dht.transmissionbt.com:6881: Temporary failure in name resolution (tr-dht.c:128)
[2020-04-09 00:41:07.937] Transmission 2.94 (d8e60ee44f) started (session.c:740)
[2020-04-09 00:41:07.939] RPC Server Adding address to whitelist: 127.0.0.1 (rpc-server.c:971)
[2020-04-09 00:41:07.939] RPC Server Serving RPC and Web requests on port 127.0.0.1:9091/transmission/ (rpc-server.c:1213)
[2020-04-09 00:41:07.940] Port Forwarding Stopped (port-forwarding.c:180)
[2020-04-09 00:41:07.940] UDP Failed to set receive buffer: requested 4194304, got 425984 (tr-udp.c:84)
[2020-04-09 00:41:07.941] UDP Please add the line "net.core.rmem_max = 4194304" to /etc/sysctl.conf (tr-udp.c:89)
[2020-04-09 00:41:07.941] UDP Failed to set send buffer: requested 1048576, got 425984 (tr-udp.c:95)
[2020-04-09 00:41:07.942] UDP Please add the line "net.core.wmem_max = 1048576" to /etc/sysctl.conf (tr-udp.c:100)
[2020-04-09 00:41:07.942] DHT Generating new id (tr-dht.c:311)
[2020-04-09 00:41:07.943] Using settings from "/data/transmission-home" (daemon.c:528)
[2020-04-09 00:41:07.943] Saved "/data/transmission-home/settings.json" (variant.c:1266)
[2020-04-09 00:41:07.944] Watching "/data/watch" for new .torrent files (daemon.c:573)
