2020-04-08 03:56:34,183 (7ff95ca68b80) :  INFO (core:349) - Starting framework core - Version: 2.6.3, Build: 72c16a2 (Mon Apr 06 23:19:22 UTC 2020)
2020-04-08 03:56:34,186 (7ff95ca68b80) :  DEBUG (core:361) - Using the elevated policy
2020-04-08 03:56:34,190 (7ff95ca68b80) :  DEBUG (core:365) - Extending whitelist: ['cgi', 'tempfile']
2020-04-08 03:56:34,193 (7ff95ca68b80) :  DEBUG (core:450) - Starting runtime component.
2020-04-08 03:56:34,197 (7ff95ca68b80) :  DEBUG (core:450) - Starting caching component.
2020-04-08 03:56:34,199 (7ff95ca68b80) :  DEBUG (core:450) - Starting data component.
2020-04-08 03:56:34,202 (7ff95ca68b80) :  DEBUG (core:450) - Starting networking component.
2020-04-08 03:56:34,217 (7ff95ca68b80) :  DEBUG (networking:261) - Loaded HTTP cookies
2020-04-08 03:56:34,236 (7ff95ca68b80) :  DEBUG (networking:428) - Setting the default network timeout to 20.0
2020-04-08 03:56:34,242 (7ff95ca68b80) :  DEBUG (core:450) - Starting localization component.
2020-04-08 03:56:34,244 (7ff95ca68b80) :  INFO (localization:409) - Setting the default locale to en-us
2020-04-08 03:56:34,247 (7ff95ca68b80) :  DEBUG (localization:427) - Loaded en strings
2020-04-08 03:56:34,251 (7ff95ca68b80) :  DEBUG (core:450) - Starting messaging component.
2020-04-08 03:56:34,256 (7ff95ca68b80) :  DEBUG (core:450) - Starting debugging component.
2020-04-08 03:56:34,258 (7ff95ca68b80) :  DEBUG (core:450) - Starting services component.
2020-04-08 03:56:34,261 (7ff95ca68b80) :  DEBUG (core:450) - Starting myplex component.
2020-04-08 03:56:34,263 (7ff95ca68b80) :  DEBUG (core:450) - Starting notifications component.
2020-04-08 03:56:34,470 (7ff95ca68b80) :  DEBUG (accessor:68) - Creating a new model access point for provider com.plexapp.system in namespace 'metadata'
2020-04-08 03:56:34,510 (7ff92ffff700) :  DEBUG (services:265) - Plug-in is not daemonized - loading services from system
2020-04-08 03:56:34,510 (7ff95ca68b80) :  DEBUG (runtime:1117) - Created a thread named 'load_all_services'
2020-04-08 03:56:34,524 (7ff95ca68b80) :  DEBUG (runtime:1117) - Created a thread named 'get_server_info'
2020-04-08 03:56:34,526 (7ff95ca68b80) :  DEBUG (core:150) - Finished starting framework core
2020-04-08 03:56:34,528 (7ff92ffff700) :  DEBUG (networking:143) - Requesting 'http://127.0.0.1:32400/:/plugins/com.plexapp.system/messaging/function/X0J1bmRsZVNlcnZpY2U6QWxsU2VydmljZXM_/Y2VyZWFsMQoxCmxpc3QKMApyMAo_/Y2VyZWFsMQoxCmRpY3QKMApyMAo_'
2020-04-08 03:56:34,529 (7ff95ca68b80) :  DEBUG (core:560) - Loading plug-in code
2020-04-08 03:56:34,539 (7ff92effd700) :  DEBUG (networking:143) - Requesting 'http://127.0.0.1:32400'
2020-04-08 03:56:34,578 (7ff95ca68b80) :  DEBUG (core:566) - Finished loading plug-in code
2020-04-08 03:56:34,579 (7ff95ca68b80) :  DEBUG (runtime:640) - Adding a prefix handler for 'System' ('/system')
2020-04-08 03:56:35,844 (7ff95ca68b80) :  INFO (__init__:40) - Starting System 72c16a2 (Mon Apr 06 23:19:22 UTC 2020)
2020-04-08 03:56:35,847 (7ff95ca68b80) :  DEBUG (runtime:640) - Adding a prefix handler for 'Player' ('/player')
2020-04-08 03:56:35,871 (7ff95ca68b80) :  INFO (datakit:93) - Loaded the dictionary file
2020-04-08 03:56:35,873 (7ff95ca68b80) :  DEBUG (agentservice:52) - Starting the agent service
2020-04-08 03:56:36,134 (7ff95ca68b80) :  DEBUG (accessor:68) - Creating a new model access point for provider com.plexapp.system in namespace 'metadata'
2020-04-08 03:56:36,144 (7ff95ca68b80) :  DEBUG (bundleservice:69) - Starting the bundle service
2020-04-08 03:56:36,146 (7ff95ca68b80) :  DEBUG (runtime:1117) - Created a thread named 'start'
2020-04-08 03:56:36,148 (7ff95ca68b80) :  DEBUG (helpservice:14) - Starting the help service
2020-04-08 03:56:36,151 (7ff95ca68b80) :  DEBUG (storeservice:198) - Starting the store service
2020-04-08 03:56:36,153 (7ff92d7fa700) :  DEBUG (runtime:1117) - Created a thread named 'ensure_agent_info_exists_inner'
2020-04-08 03:56:36,164 (7ff95ca68b80) :  DEBUG (runtime:1117) - Created a thread named 'start'
2020-04-08 03:56:36,166 (7ff92d7fa700) :  DEBUG (runtime:1117) - Created a thread named 'ensure_agent_info_exists_inner'
2020-04-08 03:56:36,166 (7ff95ca68b80) :  DEBUG (installservice:30) - Starting the install service
2020-04-08 03:56:36,173 (7ff92d7fa700) :  DEBUG (runtime:1117) - Created a thread named 'ensure_agent_info_exists_inner'
2020-04-08 03:56:36,172 (7ff92cff9700) :  DEBUG (networking:143) - Requesting 'http://127.0.0.1:32400'
2020-04-08 03:56:36,182 (7ff92d7fa700) :  DEBUG (runtime:1117) - Created a thread named 'ensure_agent_info_exists_inner'
2020-04-08 03:56:36,186 (7ff92d7fa700) :  DEBUG (runtime:1117) - Created a thread named 'ensure_agent_info_exists_inner'
2020-04-08 03:56:36,191 (7ff92d7fa700) :  DEBUG (runtime:1117) - Created a thread named 'ensure_agent_info_exists_inner'
2020-04-08 03:56:36,195 (7ff92d7fa700) :  DEBUG (runtime:1117) - Created a thread named 'ensure_agent_info_exists_inner'
2020-04-08 03:56:36,201 (7ff95ca68b80) :  DEBUG (playerservice:12) - Starting the player service
2020-04-08 03:56:36,202 (7ff92d7fa700) :  DEBUG (runtime:1117) - Created a thread named 'ensure_agent_info_exists_inner'
2020-04-08 03:56:36,203 (7ff95ca68b80) :  DEBUG (flagservice:13) - Starting the media flag service
2020-04-08 03:56:36,207 (7ff95ca68b80) :  DEBUG (runtime:1117) - Created a thread named 'start'
2020-04-08 03:56:36,208 (7ff92d7fa700) :  DEBUG (runtime:1117) - Created a thread named 'ensure_agent_info_exists_inner'
2020-04-08 03:56:36,209 (7ff95ca68b80) :  DEBUG (peerservice:141) - Starting the peer service
2020-04-08 03:56:36,213 (7ff92d7fa700) :  DEBUG (runtime:1117) - Created a thread named 'ensure_agent_info_exists_inner'
2020-04-08 03:56:36,214 (7ff95ca68b80) :  DEBUG (runtime:1117) - Created a thread named 'refresh_servers'
2020-04-08 03:56:36,214 (7ff90effd700) :  DEBUG (peerservice:164) - Fetching the current list of servers
2020-04-08 03:56:36,218 (7ff92d7fa700) :  DEBUG (runtime:1117) - Created a thread named 'ensure_agent_info_exists_inner'
2020-04-08 03:56:36,219 (7ff95ca68b80) :  DEBUG (runtime:1150) - Scheduled a timed thread named 'refresh_servers'
2020-04-08 03:56:36,225 (7ff95ca68b80) :  DEBUG (streamservice:18) - Starting the stream service
2020-04-08 03:56:36,228 (7ff92d7fa700) :  DEBUG (runtime:1117) - Created a thread named 'ensure_agent_info_exists_inner'
2020-04-08 03:56:36,231 (7ff95ca68b80) :  CRITICAL (runtime:709) - Private handlers are no longer supported; couldn't register <bound method StreamService.token_handler of <streamservice.StreamService object at 0x7ff94c62e6d0>>
2020-04-08 03:56:36,234 (7ff90effd700) :  DEBUG (networking:143) - Requesting 'http://127.0.0.1:32400/servers'
2020-04-08 03:56:36,239 (7ff95ca68b80) :  DEBUG (runtime:1150) - Scheduled a timed thread named 'invalidation_timer'
2020-04-08 03:56:36,245 (7ff95ca68b80) :  DEBUG (proxyservice:12) - Starting the proxy service
2020-04-08 03:56:36,247 (7ff92d7fa700) :  DEBUG (runtime:1117) - Created a thread named 'ensure_agent_info_exists_inner'
2020-04-08 03:56:36,255 (7ff92d7fa700) :  DEBUG (runtime:1117) - Created a thread named 'ensure_agent_info_exists_inner'
2020-04-08 03:56:36,256 (7ff95ca68b80) :  DEBUG (runtime:1117) - Created a thread named 'update_attribution_flags_inner'
2020-04-08 03:56:36,260 (7ff95ca68b80) :  INFO (core:611) - Started plug-in
2020-04-08 03:56:36,265 (7ff95ca68b80) :  DEBUG (socketinterface:160) - Starting socket server
2020-04-08 03:56:36,276 (7ff95ca68b80) :  DEBUG (runtime:1117) - Created a thread named 'start'
2020-04-08 03:56:36,280 (7ff95ca68b80) :  INFO (socketinterface:184) - Socket server started on port 35033
2020-04-08 03:56:36,284 (7ff95ca68b80) :  INFO (pipeinterface:25) - Entering run loop
2020-04-08 03:56:36,289 (7ff95ca68b80) :  DEBUG (runtime:717) - Handling request GET /:/prefixes
2020-04-08 03:56:36,302 (7ff95ca68b80) :  DEBUG (runtime:814) - Found route matching /:/prefixes
2020-04-08 03:56:36,312 (7ff95ca68b80) :  DEBUG (runtime:924) - Response: [200] MediaContainer, 486 bytes
2020-04-08 03:56:36,321 (7ff90cff9700) :  DEBUG (runtime:717) - Handling request GET /system/agents
2020-04-08 03:56:36,428 (7ff90c7f8700) :  DEBUG (runtime:717) - Handling request GET /:/plugins/com.plexapp.system/messaging/function/X0J1bmRsZVNlcnZpY2U6QWxsU2VydmljZXM_/Y2VyZWFsMQoxCmxpc3QKMApyMAo_/Y2VyZWFsMQoxCmRpY3QKMApyMAo_
2020-04-08 03:56:36,447 (7ff92cff9700) :  DEBUG (core:521) - Attribute 'machineIdentifier' set to '3c3ba02680fd386e43f90b32bf8eeb4e3dc5fe5d'
2020-04-08 03:56:36,449 (7ff92effd700) :  DEBUG (core:538) - Machine identifier is 3c3ba02680fd386e43f90b32bf8eeb4e3dc5fe5d
2020-04-08 03:56:36,452 (7ff90effd700) :  DEBUG (peerservice:171) - Refreshing local server
2020-04-08 03:56:36,478 (7ff92cff9700) :  DEBUG (networking:143) - Requesting 'http://127.0.0.1:32400'
2020-04-08 03:56:36,498 (7ff92effd700) :  DEBUG (core:539) - Server version is 1.19.1.2630-72c16a276
2020-04-08 03:56:36,503 (7ff90effd700) :  DEBUG (peerservice:189) - Updating servers (True/False True/True/True)
2020-04-08 03:56:36,519 (7ff90effd700) :  DEBUG (peerservice:198) - Found 1 servers
2020-04-08 03:56:36,522 (7ff90effd700) :  DEBUG (peerservice:230) - Creating new server 9a9b9603672d (3c3ba02680fd386e43f90b32bf8eeb4e3dc5fe5d)
2020-04-08 03:56:36,533 (7ff92cff9700) :  DEBUG (core:521) - Attribute 'platformVersion' set to '4.19.76-linuxkit'
2020-04-08 03:56:36,538 (7ff90effd700) :  DEBUG (networking:143) - Requesting 'http://127.0.0.1:32400/library/sections'
2020-04-08 03:56:36,598 (7ff90effd700) :  DEBUG (networking:143) - Requesting 'http://127.0.0.1:32400/channels/all'
2020-04-08 03:56:36,599 (7ff92cff9700) :  DEBUG (networking:143) - Requesting 'https://plugins.plex.tv/apps/all.json?frameworkVersion=2.6.3&machineIdentifier=3c3ba02680fd386e43f90b32bf8eeb4e3dc5fe5d&os=Linux&osVersion=4.19.76-linuxkit&cpu=i386&serverVersion=1.19.1.2630-72c16a276&systemRevision=72c16a2'
2020-04-08 03:56:36,644 (7ff92effd700) :  DEBUG (peerservice:176) - Background-refreshing remote servers
2020-04-08 03:56:36,645 (7ff90effd700) :  DEBUG (runtime:1117) - Created a thread named 'background_refresh'
2020-04-08 03:56:36,651 (7ff92effd700) :  DEBUG (peerservice:189) - Updating servers (False/True True/True/True)
2020-04-08 03:56:36,669 (7ff92effd700) :  DEBUG (peerservice:198) - Found 1 servers
2020-04-08 03:56:36,719 (7ff90c7f8700) :  DEBUG (runtime:814) - Found route matching /:/plugins/com.plexapp.system/messaging/function/X0J1bmRsZVNlcnZpY2U6QWxsU2VydmljZXM_/Y2VyZWFsMQoxCmxpc3QKMApyMAo_/Y2VyZWFsMQoxCmRpY3QKMApyMAo_
2020-04-08 03:56:36,769 (7ff90cff9700) :  DEBUG (runtime:814) - Found route matching /system/agents
2020-04-08 03:56:37,347 (7ff92d7fa700) :  DEBUG (runtime:1117) - Created a thread named 'remove_unavailable_agents'
2020-04-08 03:56:37,350 (7ff92d7fa700) :  DEBUG (bundleservice:85) - Started the bundle service
2020-04-08 03:56:37,359 (7ff90ffff700) :  DEBUG (flagservice:46) - Started the media flag service
2020-04-08 03:56:37,367 (7ff90dffb700) :  INFO (agentservice:125) - Agent info: {'com.plexapp.agents.fanarttv': [{'media_types': ['Movie'], 'primary_provider': False, 'fallback_agent': None, 'contributes_to': ['com.plexapp.agents.imdb', 'com.plexapp.agents.themoviedb'], 'has_attribution': True, 'languages': ['xn'], 'persist_stored_files': True, 'version': 0, 'accepts_from': None, 'prefs': True, 'name': 'Fanart.tv'}, {'media_types': ['TV_Show'], 'primary_provider': False, 'fallback_agent': None, 'contributes_to': ['com.plexapp.agents.thetvdb', 'com.plexapp.agents.themoviedb'], 'has_attribution': True, 'languages': ['xn'], 'persist_stored_files': True, 'version': 0, 'accepts_from': None, 'prefs': True, 'name': 'Fanart.tv'}, {'media_types': ['Artist'], 'primary_provider': False, 'fallback_agent': None, 'contributes_to': ['com.plexapp.agents.lastfm'], 'has_attribution': True, 'languages': ['xn'], 'persist_stored_files': True, 'version': 0, 'accepts_from': None, 'prefs': True, 'name': 'Fanart.tv'}, {'media_types': ['Album'], 'primary_provider': False, 'fallback_agent': None, 'contributes_to': ['com.plexapp.agents.lastfm'], 'has_attribution': True, 'languages': ['xn'], 'persist_stored_files': True, 'version': 0, 'accepts_from': None, 'prefs': True, 'name': 'Fanart.tv'}], 'com.plexapp.agents.none': [{'media_types': ['Movie'], 'primary_provider': True, 'fallback_agent': None, 'contributes_to': None, 'has_attribution': False, 'languages': ['xn'], 'persist_stored_files': True, 'version': 0, 'accepts_from': None, 'prefs': False, 'name': 'Personal Media'}, {'media_types': ['TV_Show'], 'primary_provider': True, 'fallback_agent': None, 'contributes_to': None, 'has_attribution': False, 'languages': ['xn'], 'persist_stored_files': True, 'version': 0, 'accepts_from': None, 'prefs': False, 'name': 'Personal Media Shows'}, {'media_types': ['Artist'], 'primary_provider': True, 'fallback_agent': None, 'contributes_to': None, 'has_attribution': False, 'languages': ['xn'], 'persist_stored_files': True, 'version': 0, 'accepts_from': None, 'prefs': False, 'name': 'Personal Media Artists'}, {'media_types': ['Album'], 'primary_provider': True, 'fallback_agent': None, 'contributes_to': None, 'has_attribution': False, 'languages': ['xn'], 'persist_stored_files': True, 'version': 0, 'accepts_from': None, 'prefs': False, 'name': 'Personal Media Albums'}, {'media_types': ['Photo'], 'primary_provider': True, 'fallback_agent': None, 'contributes_to': None, 'has_attribution': False, 'languages': ['en', 'ar', 'bg', 'ca', 'cs', 'cy', 'da', 'de', 'el', 'es', 'et', 'fa', 'fi', 'fr', 'he', 'hi', 'hr', 'ht', 'hu', 'id', 'it', 'ja', 'ko', 'lt', 'lv', 'ms', 'mt', 'nl', 'no', 'pl', 'pt', 'ro', 'ru', 'sk', 'sv', 'sl', 'sr', 'th', 'tr', 'uk', 'ur', 'vi', 'zh', 'xn'], 'persist_stored_files': True, 'version': 0, 'accepts_from': None, 'prefs': False, 'name': 'Photos'}], 'tv.plex.agents.music': [{'media_types': ['Artist'], 'primary_provider': True, 'fallback_agent': None, 'contributes_to': ['com.plexapp.agents.localmedia'], 'has_attribution': True, 'languages': ['en', 'ar', 'bg', 'zh', 'hr', 'cs', 'da', 'nl', 'fi', 'fr', 'de', 'el', 'hu', 'id', 'it', 'ja', 'ko', 'nn', 'pl', 'pt', 'ro', 'ru', 'sr', 'sk', 'es', 'sv', 'th', 'tr', 'vi', 'xx'], 'persist_stored_files': True, 'version': 0, 'accepts_from': None, 'prefs': True, 'name': 'Plex Music'}, {'media_types': ['Album'], 'primary_provider': True, 'fallback_agent': None, 'contributes_to': ['com.plexapp.agents.localmedia'], 'has_attribution': True, 'languages': ['en', 'ar', 'bg', 'zh', 'hr', 'cs', 'da', 'nl', 'fi', 'fr', 'de', 'el', 'hu', 'id', 'it', 'ja', 'ko', 'nn', 'pl', 'pt', 'ro', 'ru', 'sr', 'sk', 'es', 'sv', 'th', 'tr', 'vi', 'xx'], 'persist_stored_files': True, 'version': 0, 'accepts_from': None, 'prefs': True, 'name': 'Plex Music'}], 'com.plexapp.agents.htbackdrops': [{'media_types': ['Artist'], 'primary_provider': False, 'fallback_agent': None, 'contributes_to': ['com.plexapp.agents.lastfm'], 'has_attribution': True, 'languages': ['ab', 'aa', 'af', 'ak', 'sq', 'am', 'ar', 'an', 'hy', 'as', 'av', 'ae', 'ay', 'az', 'bm', 'ba', 'eu', 'be', 'bn', 'bh', 'bi', 'bs', 'pb', 'br', 'bg', 'my', 'ca', 'ch', 'ce', 'ny', 'zh', 'cu', 'cv', 'kw', 'co', 'cr', 'hr', 'cs', 'da', 'dv', 'nl', 'dz', 'en', 'eo', 'et', 'ee', 'fo', 'fj', 'fi', 'fr', 'fy', 'ff', 'gd', 'gl', 'lg', 'ka', 'de', 'el', 'gn', 'gu', 'ht', 'ha', 'he', 'hz', 'hi', 'ho', 'hu', 'is', 'io', 'ig', 'id', 'ia', 'ie', 'iu', 'ik', 'ga', 'it', 'ja', 'jv', 'kl', 'kn', 'kr', 'ks', 'kk', 'km', 'ki', 'rw', 'ky', 'kv', 'kg', 'ko', 'kj', 'ku', 'lo', 'la', 'lv', 'li', 'ln', 'lt', 'lu', 'lb', 'mk', 'mg', 'ms', 'ml', 'mt', 'gv', 'mi', 'mr', 'mh', 'mo', 'mn', 'na', 'nv', 'ng', 'ne', 'xn', 'nd', 'no', 'nb', 'nn', 'oc', 'oj', 'or', 'om', 'os', 'pi', 'pa', 'fa', 'pl', 'pt', 'ps', 'qu', 'rm', 'ro', 'rn', 'ru', 'se', 'sm', 'sg', 'sa', 'sc', 'sr', 'sn', 'ii', 'sd', 'si', 'sk', 'sl', 'so', 'st', 'nr', 'es', 'su', 'sw', 'ss', 'sv', 'tl', 'ty', 'tg', 'ta', 'tt', 'te', 'th', 'bo', 'ti', 'to', 'ts', 'tn', 'tr', 'tk', 'tw', 'ug', 'uk', 'ur', 'uz', 've', 'vi', 'vo', 'wa', 'cy', 'wo', 'xh', 'yi', 'yo', 'za', 'zu'], 'persist_stored_files': True, 'version': 0, 'accepts_from': None, 'prefs': False, 'name': 'Home Theater Backdrops'}], 'com.plexapp.agents.imdb': [{'media_types': ['Movie'], 'accepts_from': ['com.plexapp.agents.localmedia'], 'fallback_agent': None, 'contributes_to': ['com.plexapp.agents.themoviedb'], 'has_attribution': True, 'languages': ['en', 'sv', 'fr', 'es', 'nl', 'de', 'it', 'da', 'ar', 'ca', 'zh', 'cs', 'et', 'fi', 'el', 'he', 'hi', 'hu', 'id', 'ja', 'ko', 'lv', 'no', 'fa', 'pl', 'pt', 'ro', 'ru', 'sk', 'th', 'tr', 'uk', 'vi'], 'persist_stored_files': True, 'version': 0, 'primary_provider': True, 'prefs': True, 'name': 'Plex Movie'}], 'com.plexapp.agents.lyricfind': [{'media_types': ['Album'], 'primary_provider': False, 'fallback_agent': None, 'contributes_to': ['com.plexapp.agents.lastfm', 'tv.plex.agents.music', 'org.musicbrainz.agents.music'], 'has_attribution': True, 'languages': ['xn'], 'persist_stored_files': True, 'version': 0, 'accepts_from': None, 'prefs': False, 'name': 'LyricFind'}], 'com.plexapp.agents.thetvdb': [{'media_types': ['TV_Show'], 'primary_provider': True, 'fallback_agent': None, 'contributes_to': None, 'has_attribution': True, 'languages': ['en', 'fr', 'zh', 'sv', 'no', 'da', 'fi', 'nl', 'de', 'it', 'es', 'pl', 'hu', 'el', 'tr', 'ru', 'he', 'ja', 'pt', 'cs', 'ko', 'sl', 'hr'], 'persist_stored_files': True, 'version': 0, 'accepts_from': None, 'prefs': True, 'name': 'TheTVDB'}], 'com.plexapp.agents.plexthememusic': [{'media_types': ['TV_Show'], 'primary_provider': False, 'fallback_agent': None, 'contributes_to': ['com.plexapp.agents.thetvdb', 'com.plexapp.agents.thetvdbdvdorder', 'com.plexapp.agents.themoviedb'], 'has_attribution': False, 'languages': ['xn'], 'persist_stored_files': True, 'version': 0, 'accepts_from': None, 'prefs': False, 'name': 'Plex Theme Music'}], 'org.musicbrainz.agents.music': [{'media_types': ['Artist'], 'primary_provider': True, 'fallback_agent': None, 'contributes_to': None, 'has_attribution': True, 'languages': ['en', 'ar', 'bg', 'zh', 'hr', 'cs', 'da', 'nl', 'fi', 'fr', 'de', 'el', 'hu', 'id', 'it', 'ja', 'ko', 'nn', 'pl', 'pt', 'ro', 'ru', 'sr', 'sk', 'es', 'sv', 'th', 'tr', 'vi', 'xx'], 'persist_stored_files': True, 'version': 0, 'accepts_from': None, 'prefs': True, 'name': 'Musicbrainz'}, {'media_types': ['Album'], 'primary_provider': True, 'fallback_agent': None, 'contributes_to': None, 'has_attribution': True, 'languages': ['en', 'ar', 'bg', 'zh', 'hr', 'cs', 'da', 'nl', 'fi', 'fr', 'de', 'el', 'hu', 'id', 'it', 'ja', 'ko', 'nn', 'pl', 'pt', 'ro', 'ru', 'sr', 'sk', 'es', 'sv', 'th', 'tr', 'vi', 'xx'], 'persist_stored_files': True, 'version': 0, 'accepts_from': None, 'prefs': True, 'name': 'Musicbrainz'}], 'com.plexapp.agents.themoviedb': [{'media_types': ['Movie'], 'primary_provider': True, 'fallback_agent': None, 'contributes_to': None, 'has_attribution': True, 'languages': ['en', 'cs', 'da', 'de', 'el', 'es', 'fi', 'fr', 'he', 'hr', 'hu', 'it', 'lv', 'lt', 'nl', 'no', 'pl', 'pt', 'ru', 'sk', 'sv', 'th', 'tr', 'vi', 'zh', 'ko'], 'persist_stored_files': True, 'version': 0, 'accepts_from': ['com.plexapp.agents.localmedia'], 'prefs': True, 'name': 'The Movie Database'}, {'media_types': ['TV_Show'], 'primary_provider': True, 'fallback_agent': None, 'contributes_to': ['com.plexapp.agents.thetvdb'], 'has_attribution': True, 'languages': ['en', 'cs', 'da', 'de', 'el', 'es', 'fi', 'fr', 'he', 'hr', 'hu', 'it', 'lv', 'lt', 'nl', 'no', 'pl', 'pt', 'ru', 'sk', 'sv', 'th', 'tr', 'vi', 'zh', 'ko'], 'persist_stored_files': True, 'version': 0, 'accepts_from': ['com.plexapp.agents.localmedia', 'com.plexapp.agents.thetvdb'], 'prefs': True, 'name': 'The Movie Database'}], 'com.plexapp.agents.opensubtitles': [{'media_types': ['Movie'], 'primary_provider': False, 'fallback_agent': None, 'contributes_to': ['com.plexapp.agents.imdb'], 'has_attribution': False, 'languages': ['xn'], 'persist_stored_files': True, 'version': 0, 'accepts_from': None, 'prefs': True, 'name': 'OpenSubtitles.org'}, {'media_types': ['TV_Show'], 'primary_provider': False, 'fallback_agent': None, 'contributes_to': ['com.plexapp.agents.thetvdb'], 'has_attribution': False, 'languages': ['xn'], 'persist_stored_files': True, 'version': 0, 'accepts_from': None, 'prefs': True, 'name': 'OpenSubtitles.org'}], 'com.plexapp.agents.movieposterdb': [{'media_types': ['Movie'], 'primary_provider': False, 'fallback_agent': None, 'contributes_to': ['com.plexapp.agents.imdb'], 'has_attribution': True, 'languages': ['xn'], 'persist_stored_files': True, 'version': 0, 'accepts_from': None, 'prefs': False, 'name': 'CineMaterial'}], 'com.plexapp.agents.localmedia': [{'media_types': ['Movie'], 'primary_provider': False, 'fallback_agent': None, 'contributes_to': ['com.plexapp.agents.imdb', 'com.plexapp.agents.none'], 'has_attribution': False, 'languages': ['xn'], 'persist_stored_files': False, 'version': 0, 'accepts_from': None, 'prefs': True, 'name': 'Local Media Assets (Movies)'}, {'media_types': ['TV_Show'], 'primary_provider': False, 'fallback_agent': None, 'contributes_to': ['com.plexapp.agents.thetvdb', 'com.plexapp.agents.none'], 'has_attribution': False, 'languages': ['xn'], 'persist_stored_files': False, 'version': 0, 'accepts_from': None, 'prefs': True, 'name': 'Local Media Assets (TV)'}, {'media_types': ['Artist'], 'primary_provider': False, 'fallback_agent': None, 'contributes_to': ['com.plexapp.agents.discogs', 'com.plexapp.agents.lastfm', 'com.plexapp.agents.plexmusic', 'com.plexapp.agents.none', 'tv.plex.agents.music', 'org.musicbrainz.agents.music'], 'has_attribution': False, 'languages': ['xn'], 'persist_stored_files': False, 'version': 0, 'accepts_from': None, 'prefs': True, 'name': 'Local Media Assets (Artists)'}, {'media_types': ['Artist'], 'primary_provider': False, 'fallback_agent': None, 'contributes_to': ['com.plexapp.agents.plexmusic'], 'has_attribution': False, 'languages': ['xn'], 'persist_stored_files': False, 'version': 2, 'accepts_from': None, 'prefs': True, 'name': 'Local Media Assets (Artists)'}, {'media_types': ['Album'], 'primary_provider': False, 'fallback_agent': None, 'contributes_to': ['com.plexapp.agents.discogs', 'com.plexapp.agents.lastfm', 'com.plexapp.agents.plexmusic', 'com.plexapp.agents.none', 'tv.plex.agents.music', 'org.musicbrainz.agents.music'], 'has_attribution': False, 'languages': ['xn'], 'persist_stored_files': False, 'version': 0, 'accepts_from': None, 'prefs': True, 'name': 'Local Media Assets (Albums)'}], 'com.plexapp.agents.lastfm': [{'media_types': ['Artist'], 'primary_provider': True, 'fallback_agent': None, 'contributes_to': None, 'has_attribution': True, 'languages': ['en', 'sv', 'fr', 'es', 'de', 'pl', 'it', 'pt', 'ja', 'tr', 'ru', 'zh'], 'persist_stored_files': True, 'version': 0, 'accepts_from': None, 'prefs': True, 'name': 'Last.fm'}, {'media_types': ['Album'], 'primary_provider': True, 'fallback_agent': None, 'contributes_to': None, 'has_attribution': True, 'languages': ['en', 'sv', 'fr', 'es', 'de', 'pl', 'it', 'pt', 'ja', 'tr', 'ru', 'zh'], 'persist_stored_files': True, 'version': 0, 'accepts_from': None, 'prefs': True, 'name': 'Last.fm'}]}
2020-04-08 03:56:37,417 (7ff90dffb700) :  INFO (datakit:131) - Saved the dictionary file
2020-04-08 03:56:37,484 (7ff90cff9700) :  DEBUG (runtime:924) - Response: [200] MediaContainer, 10987 bytes
2020-04-08 03:56:37,538 (7ff90c7f8700) :  DEBUG (runtime:924) - Response: [200] str, 59962 bytes
2020-04-08 03:56:37,658 (7ff92ffff700) :  DEBUG (services:362) - Loaded services
2020-04-08 03:56:37,665 (7ff92cff9700) :  DEBUG (preferences:258) - Loaded preferences from DefaultPrefs.json
2020-04-08 03:56:37,675 (7ff92f7fe700) :  DEBUG (services:438) - No shared code to load
2020-04-08 03:56:37,678 (7ff92cff9700) :  DEBUG (preferences:178) - Loaded the user preferences for com.plexapp.system
2020-04-08 03:56:37,684 (7ff92cff9700) :  INFO (storeservice:495) - No beta plugins.
2020-04-08 03:56:37,691 (7ff92cff9700) :  INFO (storeservice:334) - Starting automatic update thread
2020-04-08 03:56:37,692 (7ff92cff9700) :  DEBUG (runtime:1150) - Scheduled a timed thread named 'auto_update_thread'
2020-04-08 03:56:37,694 (7ff92cff9700) :  DEBUG (storeservice:328) - Started the store service
2020-04-08 03:56:38,443 (7ff92cff9700) :  DEBUG (runtime:717) - Handling request GET /system/messaging/clear_events/com.plexapp.agents.imdb
2020-04-08 03:56:38,506 (7ff92cff9700) :  DEBUG (runtime:814) - Found route matching /system/messaging/clear_events/com.plexapp.agents.imdb
2020-04-08 03:56:38,507 (7ff92cff9700) :  DEBUG (runtime:924) - Response: [200] str, 0 bytes
2020-04-08 03:56:38,643 (7ff92cff9700) :  DEBUG (runtime:717) - Handling request GET /:/plugins/com.plexapp.system/resourceHashes
2020-04-08 03:56:38,645 (7ff92cff9700) :  DEBUG (runtime:814) - Found route matching /:/plugins/com.plexapp.system/resourceHashes
2020-04-08 03:56:38,651 (7ff92cff9700) :  DEBUG (networking:143) - Requesting 'http://resources-cdn.plexapp.com/hashes.json'
2020-04-08 03:56:38,755 (7ff92cff9700) :  DEBUG (runtime:924) - Response: [200] str, 13276 bytes
2020-04-08 03:56:38,799 (7ff92cff9700) :  DEBUG (runtime:717) - Handling request GET /:/plugins/com.plexapp.system/messaging/function/X0J1bmRsZVNlcnZpY2U6QWxsU2VydmljZXM_/Y2VyZWFsMQoxCmxpc3QKMApyMAo_/Y2VyZWFsMQoxCmRpY3QKMApyMAo_
2020-04-08 03:56:38,801 (7ff92cff9700) :  DEBUG (runtime:814) - Found route matching /:/plugins/com.plexapp.system/messaging/function/X0J1bmRsZVNlcnZpY2U6QWxsU2VydmljZXM_/Y2VyZWFsMQoxCmxpc3QKMApyMAo_/Y2VyZWFsMQoxCmRpY3QKMApyMAo_
2020-04-08 03:56:38,843 (7ff92cff9700) :  DEBUG (runtime:924) - Response: [200] str, 59962 bytes
2020-04-08 03:56:39,893 (7ff92cff9700) :  DEBUG (runtime:717) - Handling request GET /:/plugins/com.plexapp.system/messaging/function/X0FnZW50U2VydmljZTpVcGRhdGVJbmZv/Y2VyZWFsMQoxCmxpc3QKMApyMAo_/Y2VyZWFsMQo3CmRpY3QKbGlzdApkaWN0Cmxpc3QKbGlzdApsaXN0Cmxpc3QKMgpzMjMKY29tLnBsZXhhcHAuYWdlbnRzLmltZGJzMTAKaWRlbnRpZmllcnIxCnMxMAphZ2VudF9pbmZvMQpyMgoxMApyMwpzMTEKbWVkaWFfdHlwZXNyNApzMTIKYWNjZXB0c19mcm9tbnMxNApmYWxsYmFja19hZ2VudHI1CnMxNApjb250cmlidXRlc190b3I2CnM5Cmxhbmd1YWdlc2IxczIwCnBlcnNpc3Rfc3RvcmVkX2ZpbGVzaTAKczcKdmVyc2lvbmIxczE2CnByaW1hcnlfcHJvdmlkZXJiMXM1CnByZWZzczEwClBsZXggTW92aWVzNApuYW1lMQpzNQpNb3ZpZTEKczI5CmNvbS5wbGV4YXBwLmFnZW50cy5sb2NhbG1lZGlhMQpzMjkKY29tLnBsZXhhcHAuYWdlbnRzLnRoZW1vdmllZGIzMwpzMgplbnMyCnN2czIKZnJzMgplc3MyCm5sczIKZGVzMgppdHMyCmRhczIKYXJzMgpjYXMyCnpoczIKY3NzMgpldHMyCmZpczIKZWxzMgpoZXMyCmhpczIKaHVzMgppZHMyCmphczIKa29zMgpsdnMyCm5vczIKZmFzMgpwbHMyCnB0czIKcm9zMgpydXMyCnNrczIKdGhzMgp0cnMyCnVrczIKdmlyMAo_
2020-04-08 03:56:39,896 (7ff92cff9700) :  DEBUG (runtime:814) - Found route matching /:/plugins/com.plexapp.system/messaging/function/X0FnZW50U2VydmljZTpVcGRhdGVJbmZv/Y2VyZWFsMQoxCmxpc3QKMApyMAo_/Y2VyZWFsMQo3CmRpY3QKbGlzdApkaWN0Cmxpc3QKbGlzdApsaXN0Cmxpc3QKMgpzMjMKY29tLnBsZXhhcHAuYWdlbnRzLmltZGJzMTAKaWRlbnRpZmllcnIxCnMxMAphZ2VudF9pbmZvMQpyMgoxMApyMwpzMTEKbWVkaWFfdHlwZXNyNApzMTIKYWNjZXB0c19mcm9tbnMxNApmYWxsYmFja19hZ2VudHI1CnMxNApjb250cmlidXRlc190b3I2CnM5Cmxhbmd1YWdlc2IxczIwCnBlcnNpc3Rfc3RvcmVkX2ZpbGVzaTAKczcKdmVyc2lvbmIxczE2CnByaW1hcnlfcHJvdmlkZXJiMXM1CnByZWZzczEwClBsZXggTW92aWVzNApuYW1lMQpzNQpNb3ZpZTEKczI5CmNvbS5wbGV4YXBwLmFnZW50cy5sb2NhbG1lZGlhMQpzMjkKY29tLnBsZXhhcHAuYWdlbnRzLnRoZW1vdmllZGIzMwpzMgplbnMyCnN2czIKZnJzMgplc3MyCm5sczIKZGVzMgppdHMyCmRhczIKYXJzMgpjYXMyCnpoczIKY3NzMgpldHMyCmZpczIKZWxzMgpoZXMyCmhpczIKaHVzMgppZHMyCmphczIKa29zMgpsdnMyCm5vczIKZmFzMgpwbHMyCnB0czIKcm9zMgpydXMyCnNrczIKdGhzMgp0cnMyCnVrczIKdmlyMAo_
2020-04-08 03:56:39,899 (7ff92cff9700) :  INFO (agentservice:171) - Receiving agent info from com.plexapp.agents.imdb: [{'media_types': ['Movie'], 'primary_provider': True, 'fallback_agent': None, 'contributes_to': ['com.plexapp.agents.themoviedb'], 'languages': ['en', 'sv', 'fr', 'es', 'nl', 'de', 'it', 'da', 'ar', 'ca', 'zh', 'cs', 'et', 'fi', 'el', 'he', 'hi', 'hu', 'id', 'ja', 'ko', 'lv', 'no', 'fa', 'pl', 'pt', 'ro', 'ru', 'sk', 'th', 'tr', 'uk', 'vi'], 'persist_stored_files': True, 'version': 0, 'accepts_from': ['com.plexapp.agents.localmedia'], 'prefs': True, 'name': 'Plex Movie'}]
2020-04-08 03:56:39,902 (7ff92cff9700) :  DEBUG (runtime:924) - Response: [200] str, 16 bytes
2020-04-08 03:56:41,340 (7ff92cff9700) :  DEBUG (runtime:717) - Handling request GET /system/notify/serverUpdated?host=127.0.0.1
2020-04-08 03:56:41,348 (7ff92cff9700) :  DEBUG (runtime:814) - Found route matching /system/notify/serverUpdated
2020-04-08 03:56:41,354 (7ff92cff9700) :  DEBUG (peerservice:386) - Handling server update notification (127.0.0.1)
2020-04-08 03:56:41,356 (7ff92cff9700) :  DEBUG (peerservice:189) - Updating servers (False/False True/True/True)
2020-04-08 03:56:41,360 (7ff92cff9700) :  DEBUG (peerservice:164) - Fetching the current list of servers
2020-04-08 03:56:41,379 (7ff92cff9700) :  DEBUG (networking:143) - Requesting 'http://127.0.0.1:32400/servers'
2020-04-08 03:56:41,418 (7ff92cff9700) :  DEBUG (peerservice:198) - Found 1 servers
2020-04-08 03:56:41,420 (7ff92cff9700) :  DEBUG (peerservice:214) - Ignoring 3c3ba02680fd386e43f90b32bf8eeb4e3dc5fe5d because host != 127.0.0.1 (172.18.0.2)
2020-04-08 03:56:41,430 (7ff92cff9700) :  DEBUG (networking:143) - Requesting 'http://127.0.0.1:32400/library/sections'
2020-04-08 03:56:41,476 (7ff92cff9700) :  DEBUG (networking:143) - Requesting 'http://127.0.0.1:32400/channels/all'
2020-04-08 03:56:41,500 (7ff92cff9700) :  DEBUG (runtime:924) - Response: [200] str, 0 bytes
2020-04-08 03:56:42,451 (7ff90dffb700) :  INFO (datakit:131) - Saved the dictionary file
