Apr 08, 2020 03:56:36.500 [0x7f702a33e700] INFO - Plex Tuner Service v1.0.0.0 - Docker Docker Container (LinuxServer.io) x86_64 - build: 
Apr 08, 2020 03:56:36.502 [0x7f702a33e700] INFO - Linux version: 4.19.76-linuxkit (#1 SMP Thu Oct 17 19:31:58 UTC 2019), language: en-US
Apr 08, 2020 03:56:36.504 [0x7f702a33e700] INFO - Processor Intel(R) Core(TM) i5-5257U CPU @ 2.70GHz
Apr 08, 2020 03:56:36.505 [0x7f702a33e700] INFO - /usr/lib/plexmediaserver/Plex Tuner Service /usr/lib/plexmediaserver/Resources/Tuner/Private /usr/lib/plexmediaserver/Resources/Tuner/Shared 1.19.1.2630-72c16a276 32600 /waitmutex
Apr 08, 2020 03:56:36.429 [0x7f702f2dc740] INFO - [I] broker_t::start...
Apr 08, 2020 03:56:36.432 [0x7f702f2dc740] INFO - [I] device_manager_t::init.
Apr 08, 2020 03:56:36.432 [0x7f702f2dc740] INFO - [I] device_manager_t::init. Initialize provider manager
Apr 08, 2020 03:56:36.432 [0x7f702f2dc740] INFO - [I] device_manager_t::init. Initialize all device auxes
Apr 08, 2020 03:56:36.432 [0x7f702f2dc740] INFO - [I] dvb_device_factory_t::get_aux_list
Apr 08, 2020 03:56:36.432 [0x7f702f2dc740] INFO - [I] tvbutler_aux_t::init
Apr 08, 2020 03:56:36.434 [0x7f702f2dc740] INFO - [I] web_server_t::start. Starting web server on port 32600
Apr 08, 2020 03:56:43.213 [0x7f70237fe700] INFO - [I] web_service_t::process_device_discovery
Apr 08, 2020 03:56:43.213 [0x7f70237fe700] INFO - [I] device_reactor_t::get_device_list ()
Apr 08, 2020 03:56:43.214 [0x7f70237fe700] INFO - [I] dvb_device_factory_t::get_device_list ()
Apr 08, 2020 03:56:45.252 [0x7f70237fe700] INFO - [I] SAT2IP - discover_satip_servers(): no servers found
Apr 08, 2020 03:56:45.661 [0x7f70237fe700] INFO - [I] v4l::DeviceGetList_impl. getting v4l device list
Apr 08, 2020 03:56:45.672 [0x7f70237fe700] INFO - [I] onetv_factory::DeviceGetListEx >>
Apr 08, 2020 03:56:45.675 [0x7f70237fe700] WARN - [W] onetv_factory::DeviceGetListEx. libusb_init returned an error -99
Apr 08, 2020 03:57:03.769 [0x7f702f2dc740] INFO - [I] device_manager_t::term
Apr 08, 2020 03:57:03.769 [0x7f702f2dc740] INFO - [I] device_manager_t::term. Stop all devices
