Apr 08, 2020 03:48:25.393 [0x7fabbbfe1700] INFO - Plex Tuner Service v1.0.0.0 - Docker Docker Container (LinuxServer.io) x86_64 - build: 
Apr 08, 2020 03:48:25.395 [0x7fabbbfe1700] INFO - Linux version: 4.19.76-linuxkit (#1 SMP Thu Oct 17 19:31:58 UTC 2019), language: en-US
Apr 08, 2020 03:48:25.395 [0x7fabbbfe1700] INFO - Processor Intel(R) Core(TM) i5-5257U CPU @ 2.70GHz
Apr 08, 2020 03:48:25.396 [0x7fabbbfe1700] INFO - /usr/lib/plexmediaserver/Plex Tuner Service /usr/lib/plexmediaserver/Resources/Tuner/Private /usr/lib/plexmediaserver/Resources/Tuner/Shared 1.19.1.2630-72c16a276 32600 /waitmutex
Apr 08, 2020 03:48:25.298 [0x7fabc0f7f740] INFO - [I] broker_t::start...
Apr 08, 2020 03:48:25.306 [0x7fabc0f7f740] INFO - [I] device_manager_t::init.
Apr 08, 2020 03:48:25.306 [0x7fabc0f7f740] INFO - [I] device_manager_t::init. Initialize provider manager
Apr 08, 2020 03:48:25.306 [0x7fabc0f7f740] INFO - [I] device_manager_t::init. Initialize all device auxes
Apr 08, 2020 03:48:25.307 [0x7fabc0f7f740] INFO - [I] dvb_device_factory_t::get_aux_list
Apr 08, 2020 03:48:25.307 [0x7fabc0f7f740] INFO - [I] tvbutler_aux_t::init
Apr 08, 2020 03:48:25.312 [0x7fabc0f7f740] INFO - [I] web_server_t::start. Starting web server on port 32600
Apr 08, 2020 03:48:32.326 [0x7fabb3fff700] INFO - [I] web_service_t::process_device_discovery
Apr 08, 2020 03:48:32.326 [0x7fabb3fff700] INFO - [I] device_reactor_t::get_device_list ()
Apr 08, 2020 03:48:32.326 [0x7fabb3fff700] INFO - [I] dvb_device_factory_t::get_device_list ()
Apr 08, 2020 03:48:34.365 [0x7fabb3fff700] INFO - [I] SAT2IP - discover_satip_servers(): no servers found
Apr 08, 2020 03:48:34.774 [0x7fabb3fff700] INFO - [I] v4l::DeviceGetList_impl. getting v4l device list
Apr 08, 2020 03:48:34.777 [0x7fabb3fff700] INFO - [I] onetv_factory::DeviceGetListEx >>
Apr 08, 2020 03:48:34.777 [0x7fabb3fff700] WARN - [W] onetv_factory::DeviceGetListEx. libusb_init returned an error -99
Apr 08, 2020 03:48:56.961 [0x7fabc0f7f740] INFO - [I] device_manager_t::term
Apr 08, 2020 03:48:56.961 [0x7fabc0f7f740] INFO - [I] device_manager_t::term. Stop all devices
Apr 08, 2020 03:48:56.962 [0x7fabc0f7f740] INFO - [I] device_manager_t::term. Shut down all device auxes
Apr 08, 2020 03:48:56.962 [0x7fabc0f7f740] INFO - [I] tvbutler_aux_t::term
